\BOOKMARK [1][-]{section.1}{\376\377\000I\000n\000t\000r\000o\000d\000u\000c\000t\000i\000o\000n}{}% 1
\BOOKMARK [1][-]{section.2}{\376\377\000T\000h\000e\000o\000r\000e\000t\000i\000c\000a\000l\000\040\000B\000a\000c\000k\000g\000r\000o\000u\000n\000d\000:\000\040\000T\000h\000e\000\040\000s\000u\000p\000e\000r\000c\000o\000n\000d\000u\000c\000t\000i\000n\000g\000\040\000S\000t\000a\000t\000e}{}% 2
\BOOKMARK [2][-]{subsection.2.1}{\376\377\000F\000r\000o\000m\000\040\000E\000l\000e\000c\000t\000r\000o\000n\000\040\000A\000t\000t\000r\000a\000c\000t\000i\000o\000n\000\040\000t\000o\000\040\000t\000h\000e\000\040\000E\000n\000e\000r\000g\000y\000\040\000G\000a\000p\000:}{section.2}% 3
\BOOKMARK [2][-]{subsection.2.2}{\376\377\000T\000h\000e\000\040\000B\000o\000g\000o\000l\000i\000u\000b\000o\000v\000-\000d\000e\000\040\000G\000e\000n\000n\000e\000s\000\040\000F\000o\000r\000m\000a\000l\000i\000s\000m\000:}{section.2}% 4
\BOOKMARK [2][-]{subsection.2.3}{\376\377\000H\000y\000b\000r\000i\000d\000\040\000S\000y\000s\000t\000e\000m\000s\000\040\000a\000n\000d\000\040\000t\000h\000e\000\040\000P\000r\000o\000x\000i\000m\000i\000t\000y\000\040\000E\000f\000f\000e\000c\000t\000:}{section.2}% 5
\BOOKMARK [1][-]{section.3}{\376\377\000E\000n\000g\000i\000n\000e\000e\000r\000i\000n\000g\000\040\000M\000a\000j\000o\000r\000a\000n\000a\000\040\000M\000o\000d\000e\000s\000\040\000i\000n\000\040\000a\000\040\000M\000i\000n\000i\000m\000a\000l\000\040\000S\000y\000s\000t\000e\000m}{}% 6
\BOOKMARK [2][-]{subsection.3.1}{\376\377\000T\000h\000e\000\040\000K\000i\000t\000a\000e\000v\000\040\000C\000h\000a\000i\000n\000\040\000M\000o\000d\000e\000l\000:}{section.3}% 7
\BOOKMARK [2][-]{subsection.3.2}{\376\377\000T\000h\000e\000\040\000Q\000D\000-\000S\000C\000-\000Q\000D\000\040\000S\000y\000s\000t\000e\000m\000\040\000a\000s\000\040\000a\000n\000\040\000E\000f\000f\000e\000c\000t\000i\000v\000e\000\040\000K\000i\000t\000a\000e\000v\000\040\000C\000h\000a\000i\000n\000:}{section.3}% 8
\BOOKMARK [1][-]{section.4}{\376\377\000A\000n\000a\000l\000y\000t\000i\000c\000a\000l\000\040\000a\000n\000d\000\040\000N\000u\000m\000e\000r\000i\000c\000a\000l\000\040\000I\000n\000v\000e\000s\000t\000i\000g\000a\000t\000i\000o\000n\000\040\000o\000f\000\040\000P\000M\000M\000s}{}% 9
\BOOKMARK [2][-]{subsection.4.1}{\376\377\000S\000i\000n\000g\000l\000e\000\040\000p\000a\000r\000t\000i\000c\000l\000e\000\040\000m\000o\000d\000e\000l\000:}{section.4}% 10
\BOOKMARK [3][-]{subsubsection.4.1.1}{\376\377\000T\000h\000e\000\040\000M\000o\000d\000e\000l\000\040\000H\000a\000m\000i\000l\000t\000o\000n\000i\000a\000n\000:}{subsection.4.1}% 11
\BOOKMARK [3][-]{subsubsection.4.1.2}{\376\377\000A\000n\000a\000l\000y\000t\000i\000c\000a\000l\000\040\000W\000o\000r\000k\000\040\000-\000\040\000F\000i\000n\000d\000i\000n\000g\000\040\000t\000h\000e\000\040\000S\000w\000e\000e\000t\000\040\000S\000p\000o\000t\000:}{subsection.4.1}% 12
\BOOKMARK [3][-]{subsubsection.4.1.3}{\376\377\000N\000u\000m\000e\000r\000i\000c\000a\000l\000\040\000S\000i\000m\000u\000l\000a\000t\000i\000o\000n\000s\000\040\000-\000\040\000V\000i\000s\000u\000a\000l\000i\000z\000e\000\040\000t\000h\000e\000\040\000E\000m\000e\000r\000g\000e\000n\000c\000e\000\040\000o\000f\000\040\000M\000a\000j\000o\000r\000a\000n\000a\000s\000:}{subsection.4.1}% 13
\BOOKMARK [3][-]{subsubsection.4.1.4}{\376\377\000N\000u\000m\000e\000r\000i\000c\000a\000l\000\040\000W\000o\000r\000k\000\040\000-\000\040\000P\000r\000o\000b\000i\000n\000g\000\040\000P\000r\000o\000t\000e\000c\000t\000i\000o\000n\000\040\000a\000n\000d\000\040\000R\000o\000b\000u\000s\000t\000n\000e\000s\000s\000:}{subsection.4.1}% 14
\BOOKMARK [2][-]{subsection.4.2}{\376\377\000M\000a\000n\000y\000-\000b\000o\000d\000y\000\040\000m\000o\000d\000e\000l\000:}{section.4}% 15
\BOOKMARK [3][-]{subsubsection.4.2.1}{\376\377\000T\000h\000e\000\040\000M\000o\000d\000e\000l\000\040\000H\000a\000m\000i\000l\000t\000o\000n\000i\000a\000n\000:}{subsection.4.2}% 16
\BOOKMARK [3][-]{subsubsection.4.2.2}{\376\377\000A\000n\000a\000l\000y\000t\000i\000c\000a\000l\000\040\000W\000o\000r\000k\000\040\000-\000\040\000E\000x\000p\000l\000o\000r\000i\000n\000g\000\040\000t\000h\000e\000\040\000m\000a\000n\000y\000\040\000b\000o\000d\000y\000\040\000H\000a\000m\000i\000l\000t\000o\000n\000i\000a\000n\000:}{subsection.4.2}% 17
\BOOKMARK [3][-]{subsubsection.4.2.3}{\376\377\000A\000n\000a\000l\000y\000t\000i\000c\000a\000l\000\040\000W\000o\000r\000k\000\040\000-\000\040\000F\000i\000n\000d\000i\000n\000g\000\040\000t\000h\000e\000\040\000C\000o\000n\000d\000i\000t\000i\000o\000n\000s\000\040\000f\000o\000r\000\040\000a\000\040\000M\000a\000n\000y\000-\000b\000o\000d\000y\000\040\000S\000w\000e\000e\000t\000\040\000S\000p\000o\000t\000:}{subsection.4.2}% 18
\BOOKMARK [3][-]{subsubsection.4.2.4}{\376\377\000H\000o\000w\000\040\000M\000a\000j\000o\000r\000a\000n\000a\000\040\000l\000i\000k\000e\000?}{subsection.4.2}% 19
\BOOKMARK [1][-]{section.5}{\376\377\000D\000i\000s\000c\000u\000s\000s\000i\000o\000n\000\040\000a\000n\000d\000\040\000C\000o\000n\000c\000l\000u\000s\000i\000o\000n}{}% 20
\BOOKMARK [2][-]{subsection.5.1}{\376\377\000S\000y\000n\000t\000h\000e\000s\000i\000z\000e\000\040\000m\000y\000\040\000F\000i\000n\000d\000i\000n\000g\000s\000:}{section.5}% 21
\BOOKMARK [2][-]{subsection.5.2}{\376\377\000C\000o\000n\000n\000e\000c\000t\000\040\000t\000o\000\040\000B\000r\000o\000a\000d\000e\000r\000\040\000C\000o\000n\000t\000e\000x\000t\000:}{section.5}% 22
\BOOKMARK [2][-]{subsection.5.3}{\376\377\000F\000u\000t\000u\000r\000e\000\040\000D\000i\000r\000e\000c\000t\000i\000o\000n\000s\000:}{section.5}% 23
